<?xml version="1.0" encoding="UTF-8"?>
<!-- Generated by org.testng.reporters.JUnitReportReporter -->
<testsuite hostname="DESKTOP-61VG6O9" failures="0" tests="1" name="testAuto.Sorting" time="0.519" errors="0" timestamp="2022-11-20T16:04:34 EET" skipped="0">
  <testcase classname="testAuto.Sorting" name="testSorting_Low_to_high" time="0.519"/>
  <system-out/>
</testsuite> <!-- testAuto.Sorting -->
